<?xml version="1.0" encoding="UTF-8"?>
<testsuite name="com.cabify.carpooling.CarRepositoryTest" tests="1" skipped="0" failures="0" errors="0" timestamp="2019-12-24T11:15:19" hostname="yair-MSI" time="0.054">
  <properties/>
  <testcase name="car repository saveAndFindCarById()()" classname="com.cabify.carpooling.CarRepositoryTest" time="0.054"/>
  <system-out><![CDATA[2019-12-24 12:15:17.060  INFO 19007 --- [    Test worker] b.t.a.o.j.DataJpaTestContextBootstrapper : Neither @ContextConfiguration nor @ContextHierarchy found for test class [com.cabify.carpooling.CarRepositoryTest], using SpringBootContextLoader
2019-12-24 12:15:17.062  INFO 19007 --- [    Test worker] o.s.t.c.support.AbstractContextLoader    : Could not detect default resource locations for test class [com.cabify.carpooling.CarRepositoryTest]: no resource found for suffixes {-context.xml, Context.groovy}.
2019-12-24 12:15:17.062  INFO 19007 --- [    Test worker] t.c.s.AnnotationConfigContextLoaderUtils : Could not detect default configuration classes for test class [com.cabify.carpooling.CarRepositoryTest]: CarRepositoryTest does not declare any static, non-private, non-final, nested classes annotated with @Configuration.
2019-12-24 12:15:17.068  INFO 19007 --- [    Test worker] .b.t.c.SpringBootTestContextBootstrapper : Found @SpringBootConfiguration com.cabify.carpooling.CarpoolingApplication for test class com.cabify.carpooling.CarRepositoryTest
2019-12-24 12:15:17.069  INFO 19007 --- [    Test worker] b.t.a.o.j.DataJpaTestContextBootstrapper : Loaded default TestExecutionListener class names from location [META-INF/spring.factories]: [com.ninjasquad.springmockk.MockkTestExecutionListener, com.ninjasquad.springmockk.ClearMocksTestExecutionListener, org.springframework.boot.test.autoconfigure.restdocs.RestDocsTestExecutionListener, org.springframework.boot.test.autoconfigure.web.client.MockRestServiceServerResetTestExecutionListener, org.springframework.boot.test.autoconfigure.web.servlet.MockMvcPrintOnlyOnFailureTestExecutionListener, org.springframework.boot.test.autoconfigure.web.servlet.WebDriverTestExecutionListener, org.springframework.boot.test.mock.mockito.MockitoTestExecutionListener, org.springframework.boot.test.mock.mockito.ResetMocksTestExecutionListener, org.springframework.test.context.web.ServletTestExecutionListener, org.springframework.test.context.support.DirtiesContextBeforeModesTestExecutionListener, org.springframework.test.context.support.DependencyInjectionTestExecutionListener, org.springframework.test.context.support.DirtiesContextTestExecutionListener, org.springframework.test.context.transaction.TransactionalTestExecutionListener, org.springframework.test.context.jdbc.SqlScriptsTestExecutionListener, org.springframework.test.context.event.EventPublishingTestExecutionListener]
2019-12-24 12:15:17.072  INFO 19007 --- [    Test worker] b.t.a.o.j.DataJpaTestContextBootstrapper : Using TestExecutionListeners: [org.springframework.test.context.web.ServletTestExecutionListener@1cfbbf75, org.springframework.test.context.support.DirtiesContextBeforeModesTestExecutionListener@3e723b13, com.ninjasquad.springmockk.MockkTestExecutionListener@d2bed16, org.springframework.boot.test.mock.mockito.MockitoTestExecutionListener@55526ea5, org.springframework.boot.test.autoconfigure.SpringBootDependencyInjectionTestExecutionListener@1493736d, org.springframework.test.context.support.DirtiesContextTestExecutionListener@3b16684f, org.springframework.test.context.transaction.TransactionalTestExecutionListener@69876166, org.springframework.test.context.jdbc.SqlScriptsTestExecutionListener@2f660db5, org.springframework.test.context.event.EventPublishingTestExecutionListener@20610b2f, com.ninjasquad.springmockk.ClearMocksTestExecutionListener@283d5b7c, org.springframework.boot.test.autoconfigure.restdocs.RestDocsTestExecutionListener@7ae3934c, org.springframework.boot.test.autoconfigure.web.client.MockRestServiceServerResetTestExecutionListener@65772200, org.springframework.boot.test.autoconfigure.web.servlet.MockMvcPrintOnlyOnFailureTestExecutionListener@4de765f2, org.springframework.boot.test.autoconfigure.web.servlet.WebDriverTestExecutionListener@f432189, org.springframework.boot.test.mock.mockito.ResetMocksTestExecutionListener@69dcbade]

  .   ____          _            __ _ _
 /\\ / ___'_ __ _ _(_)_ __  __ _ \ \ \ \
( ( )\___ | '_ | '_| | '_ \/ _` | \ \ \ \
 \\/  ___)| |_)| | | | | || (_| |  ) ) ) )
  '  |____| .__|_| |_|_| |_\__, | / / / /
 =========|_|==============|___/=/_/_/_/
 :: Spring Boot ::        (v2.2.2.RELEASE)

2019-12-24 12:15:17.110  INFO 19007 --- [    Test worker] com.cabify.carpooling.CarRepositoryTest  : Starting CarRepositoryTest on yair-MSI with PID 19007 (started by superyair in /home/superyair/dev/git/car-pooling-challenge-yair.kukielka)
2019-12-24 12:15:17.110  INFO 19007 --- [    Test worker] com.cabify.carpooling.CarRepositoryTest  : The following profiles are active: dev
2019-12-24 12:15:17.303  INFO 19007 --- [    Test worker] .s.d.r.c.RepositoryConfigurationDelegate : Bootstrapping Spring Data JPA repositories in DEFAULT mode.
2019-12-24 12:15:17.366  INFO 19007 --- [    Test worker] .s.d.r.c.RepositoryConfigurationDelegate : Finished Spring Data repository scanning in 52ms. Found 2 JPA repository interfaces.
2019-12-24 12:15:17.420  INFO 19007 --- [    Test worker] beddedDataSourceBeanFactoryPostProcessor : Replacing 'dataSource' DataSource bean with embedded version
2019-12-24 12:15:17.525  INFO 19007 --- [    Test worker] o.s.j.d.e.EmbeddedDatabaseFactory        : Starting embedded database: url='jdbc:h2:mem:98a40178-51e2-4a83-b700-62fdf5f67fc7;DB_CLOSE_DELAY=-1;DB_CLOSE_ON_EXIT=false', username='sa'
2019-12-24 12:15:17.870  INFO 19007 --- [    Test worker] o.hibernate.jpa.internal.util.LogHelper  : HHH000204: Processing PersistenceUnitInfo [name: default]
2019-12-24 12:15:17.958  INFO 19007 --- [    Test worker] org.hibernate.Version                    : HHH000412: Hibernate Core {5.4.9.Final}
2019-12-24 12:15:18.005  INFO 19007 --- [    Test worker] o.hibernate.annotations.common.Version   : HCANN000001: Hibernate Commons Annotations {5.1.0.Final}
2019-12-24 12:15:18.155  INFO 19007 --- [    Test worker] org.hibernate.dialect.Dialect            : HHH000400: Using dialect: org.hibernate.dialect.H2Dialect
Hibernate: 
    
    create table car (
       id bigint not null,
        seats integer not null,
        primary key (id)
    )
Hibernate: 
    
    create table journey (
       id bigint not null,
        people integer not null,
        car_id bigint not null,
        primary key (id)
    )
Hibernate: 
    
    alter table journey 
       add constraint FKrlltp6b8yr5fckdtdvwg4mffs 
       foreign key (car_id) 
       references car 
       on delete cascade
2019-12-24 12:15:18.791  INFO 19007 --- [    Test worker] o.h.e.t.j.p.i.JtaPlatformInitiator       : HHH000490: Using JtaPlatform implementation: [org.hibernate.engine.transaction.jta.platform.internal.NoJtaPlatform]
2019-12-24 12:15:18.798  INFO 19007 --- [    Test worker] j.LocalContainerEntityManagerFactoryBean : Initialized JPA EntityManagerFactory for persistence unit 'default'
2019-12-24 12:15:19.131  INFO 19007 --- [    Test worker] com.cabify.carpooling.CarRepositoryTest  : Started CarRepositoryTest in 2.053 seconds (JVM running for 6.248)
2019-12-24 12:15:19.147  INFO 19007 --- [    Test worker] o.s.t.c.transaction.TransactionContext   : Began transaction (1) for test context [DefaultTestContext@30483833 testClass = CarRepositoryTest, testInstance = com.cabify.carpooling.CarRepositoryTest@4369c766, testMethod = car repository saveAndFindCarById()@CarRepositoryTest, testException = [null], mergedContextConfiguration = [MergedContextConfiguration@42ee36e8 testClass = CarRepositoryTest, locations = '{}', classes = '{class com.cabify.carpooling.CarpoolingApplication}', contextInitializerClasses = '[]', activeProfiles = '{}', propertySourceLocations = '{}', propertySourceProperties = '{org.springframework.boot.test.autoconfigure.orm.jpa.DataJpaTestContextBootstrapper=true}', contextCustomizers = set[MockkContextCustomizer(definitions=[]), org.springframework.boot.test.autoconfigure.OverrideAutoConfigurationContextCustomizerFactory$DisableAutoConfigurationContextCustomizer@19fc1126, org.springframework.boot.test.autoconfigure.filter.TypeExcludeFiltersContextCustomizer@351584c0, org.springframework.boot.test.autoconfigure.properties.PropertyMappingContextCustomizer@fabb0593, org.springframework.boot.test.autoconfigure.web.servlet.WebDriverContextCustomizerFactory$Customizer@570f1058, [ImportsContextCustomizer@76278b3a key = [org.springframework.boot.autoconfigure.cache.CacheAutoConfiguration, org.springframework.boot.autoconfigure.data.jpa.JpaRepositoriesAutoConfiguration, org.springframework.boot.autoconfigure.flyway.FlywayAutoConfiguration, org.springframework.boot.autoconfigure.jdbc.DataSourceAutoConfiguration, org.springframework.boot.autoconfigure.jdbc.DataSourceTransactionManagerAutoConfiguration, org.springframework.boot.autoconfigure.jdbc.JdbcTemplateAutoConfiguration, org.springframework.boot.autoconfigure.liquibase.LiquibaseAutoConfiguration, org.springframework.boot.autoconfigure.orm.jpa.HibernateJpaAutoConfiguration, org.springframework.boot.autoconfigure.transaction.TransactionAutoConfiguration, org.springframework.boot.test.autoconfigure.jdbc.TestDatabaseAutoConfiguration, org.springframework.boot.test.autoconfigure.orm.jpa.TestEntityManagerAutoConfiguration]], org.springframework.boot.test.context.filter.ExcludeFilterContextCustomizer@5a52fa6, org.springframework.boot.test.json.DuplicateJsonObjectContextCustomizerFactory$DuplicateJsonObjectContextCustomizer@2081f56, org.springframework.boot.test.mock.mockito.MockitoContextCustomizer@0], contextLoader = 'org.springframework.boot.test.context.SpringBootContextLoader', parent = [null]], attributes = map[[empty]]]; transaction manager [org.springframework.orm.jpa.JpaTransactionManager@48bccd01]; rollback [true]
2019-12-24 12:15:19.188  INFO 19007 --- [    Test worker] o.s.t.c.transaction.TransactionContext   : Rolled back transaction for test: [DefaultTestContext@30483833 testClass = CarRepositoryTest, testInstance = com.cabify.carpooling.CarRepositoryTest@4369c766, testMethod = car repository saveAndFindCarById()@CarRepositoryTest, testException = [null], mergedContextConfiguration = [MergedContextConfiguration@42ee36e8 testClass = CarRepositoryTest, locations = '{}', classes = '{class com.cabify.carpooling.CarpoolingApplication}', contextInitializerClasses = '[]', activeProfiles = '{}', propertySourceLocations = '{}', propertySourceProperties = '{org.springframework.boot.test.autoconfigure.orm.jpa.DataJpaTestContextBootstrapper=true}', contextCustomizers = set[MockkContextCustomizer(definitions=[]), org.springframework.boot.test.autoconfigure.OverrideAutoConfigurationContextCustomizerFactory$DisableAutoConfigurationContextCustomizer@19fc1126, org.springframework.boot.test.autoconfigure.filter.TypeExcludeFiltersContextCustomizer@351584c0, org.springframework.boot.test.autoconfigure.properties.PropertyMappingContextCustomizer@fabb0593, org.springframework.boot.test.autoconfigure.web.servlet.WebDriverContextCustomizerFactory$Customizer@570f1058, [ImportsContextCustomizer@76278b3a key = [org.springframework.boot.autoconfigure.cache.CacheAutoConfiguration, org.springframework.boot.autoconfigure.data.jpa.JpaRepositoriesAutoConfiguration, org.springframework.boot.autoconfigure.flyway.FlywayAutoConfiguration, org.springframework.boot.autoconfigure.jdbc.DataSourceAutoConfiguration, org.springframework.boot.autoconfigure.jdbc.DataSourceTransactionManagerAutoConfiguration, org.springframework.boot.autoconfigure.jdbc.JdbcTemplateAutoConfiguration, org.springframework.boot.autoconfigure.liquibase.LiquibaseAutoConfiguration, org.springframework.boot.autoconfigure.orm.jpa.HibernateJpaAutoConfiguration, org.springframework.boot.autoconfigure.transaction.TransactionAutoConfiguration, org.springframework.boot.test.autoconfigure.jdbc.TestDatabaseAutoConfiguration, org.springframework.boot.test.autoconfigure.orm.jpa.TestEntityManagerAutoConfiguration]], org.springframework.boot.test.context.filter.ExcludeFilterContextCustomizer@5a52fa6, org.springframework.boot.test.json.DuplicateJsonObjectContextCustomizerFactory$DuplicateJsonObjectContextCustomizer@2081f56, org.springframework.boot.test.mock.mockito.MockitoContextCustomizer@0], contextLoader = 'org.springframework.boot.test.context.SpringBootContextLoader', parent = [null]], attributes = map[[empty]]]
]]></system-out>
  <system-err><![CDATA[]]></system-err>
</testsuite>
